{"C:\\pos_pipeline_v2\\src\\router.js": {"path":"C:\\pos_pipeline_v2\\src\\router.js","statementMap":{"0":{"start":{"line":4,"column":25},"end":{"line":4,"column":34}},"1":{"start":{"line":8,"column":4},"end":{"line":8,"column":23}},"2":{"start":{"line":9,"column":4},"end":{"line":11,"column":7}},"3":{"start":{"line":10,"column":6},"end":{"line":10,"column":74}},"4":{"start":{"line":10,"column":49},"end":{"line":10,"column":72}},"5":{"start":{"line":16,"column":4},"end":{"line":16,"column":31}},"6":{"start":{"line":20,"column":4},"end":{"line":20,"column":44}},"7":{"start":{"line":21,"column":4},"end":{"line":21,"column":33}},"8":{"start":{"line":22,"column":4},"end":{"line":24,"column":6}},"9":{"start":{"line":23,"column":6},"end":{"line":23,"column":49}},"10":{"start":{"line":28,"column":4},"end":{"line":28,"column":62}},"11":{"start":{"line":31,"column":4},"end":{"line":31,"column":55}},"12":{"start":{"line":35,"column":22},"end":{"line":35,"column":34}}},"fnMap":{"0":{"name":"(anonymous_0)","decl":{"start":{"line":7,"column":2},"end":{"line":7,"column":3}},"loc":{"start":{"line":7,"column":28},"end":{"line":12,"column":3}},"line":7},"1":{"name":"(anonymous_1)","decl":{"start":{"line":9,"column":48},"end":{"line":9,"column":49}},"loc":{"start":{"line":9,"column":54},"end":{"line":11,"column":5}},"line":9},"2":{"name":"(anonymous_2)","decl":{"start":{"line":10,"column":40},"end":{"line":10,"column":41}},"loc":{"start":{"line":10,"column":49},"end":{"line":10,"column":72}},"line":10},"3":{"name":"(anonymous_3)","decl":{"start":{"line":15,"column":2},"end":{"line":15,"column":3}},"loc":{"start":{"line":15,"column":18},"end":{"line":17,"column":3}},"line":15},"4":{"name":"(anonymous_4)","decl":{"start":{"line":19,"column":2},"end":{"line":19,"column":3}},"loc":{"start":{"line":19,"column":19},"end":{"line":25,"column":3}},"line":19},"5":{"name":"(anonymous_5)","decl":{"start":{"line":22,"column":11},"end":{"line":22,"column":12}},"loc":{"start":{"line":22,"column":17},"end":{"line":24,"column":5}},"line":22}},"branchMap":{"0":{"loc":{"start":{"line":7,"column":14},"end":{"line":7,"column":26}},"type":"default-arg","locations":[{"start":{"line":7,"column":20},"end":{"line":7,"column":26}}],"line":7}},"s":{"0":7,"1":7,"2":7,"3":1,"4":1,"5":3,"6":3,"7":3,"8":3,"9":1,"10":4,"11":3,"12":4},"f":{"0":7,"1":1,"2":1,"3":3,"4":3,"5":1},"b":{"0":[4]},"_coverageSchema":"1a1c01bbd47fc00a2c39e90264f33305004495a9","hash":"d01b90d3ea791a5a9e89e3336ec457454ffca991"}
,"C:\\pos_pipeline_v2\\src\\components\\choose-ride.component.js": {"path":"C:\\pos_pipeline_v2\\src\\components\\choose-ride.component.js","statementMap":{"0":{"start":{"line":8,"column":10},"end":{"line":8,"column":12}},"1":{"start":{"line":10,"column":4},"end":{"line":10,"column":56}},"2":{"start":{"line":11,"column":4},"end":{"line":14,"column":7}},"3":{"start":{"line":12,"column":6},"end":{"line":12,"column":25}},"4":{"start":{"line":13,"column":6},"end":{"line":13,"column":21}},"5":{"start":{"line":15,"column":4},"end":{"line":15,"column":19}},"6":{"start":{"line":19,"column":4},"end":{"line":21,"column":6}},"7":{"start":{"line":20,"column":34},"end":{"line":20,"column":60}},"8":{"start":{"line":26,"column":20},"end":{"line":26,"column":47}},"9":{"start":{"line":27,"column":16},"end":{"line":27,"column":37}},"10":{"start":{"line":28,"column":4},"end":{"line":28,"column":46}},"11":{"start":{"line":29,"column":4},"end":{"line":29,"column":52}},"12":{"start":{"line":30,"column":49},"end":{"line":30,"column":69}},"13":{"start":{"line":31,"column":4},"end":{"line":31,"column":25}},"14":{"start":{"line":32,"column":53},"end":{"line":32,"column":71}},"15":{"start":{"line":33,"column":4},"end":{"line":33,"column":37}},"16":{"start":{"line":34,"column":4},"end":{"line":34,"column":45}},"17":{"start":{"line":35,"column":4},"end":{"line":38,"column":7}},"18":{"start":{"line":36,"column":6},"end":{"line":36,"column":25}},"19":{"start":{"line":37,"column":6},"end":{"line":37,"column":41}},"20":{"start":{"line":39,"column":4},"end":{"line":39,"column":19}},"21":{"start":{"line":42,"column":0},"end":{"line":42,"column":63}}},"fnMap":{"0":{"name":"(anonymous_0)","decl":{"start":{"line":9,"column":2},"end":{"line":9,"column":3}},"loc":{"start":{"line":9,"column":22},"end":{"line":16,"column":3}},"line":9},"1":{"name":"(anonymous_1)","decl":{"start":{"line":11,"column":32},"end":{"line":11,"column":33}},"loc":{"start":{"line":11,"column":43},"end":{"line":14,"column":5}},"line":11},"2":{"name":"(anonymous_2)","decl":{"start":{"line":20,"column":24},"end":{"line":20,"column":25}},"loc":{"start":{"line":20,"column":34},"end":{"line":20,"column":60}},"line":20},"3":{"name":"(anonymous_3)","decl":{"start":{"line":35,"column":37},"end":{"line":35,"column":38}},"loc":{"start":{"line":35,"column":44},"end":{"line":38,"column":5}},"line":35}},"branchMap":{},"s":{"0":1,"1":1,"2":1,"3":1,"4":1,"5":1,"6":2,"7":1,"8":1,"9":1,"10":1,"11":1,"12":1,"13":1,"14":1,"15":1,"16":1,"17":1,"18":1,"19":1,"20":1,"21":1},"f":{"0":1,"1":1,"2":1,"3":1},"b":{},"_coverageSchema":"1a1c01bbd47fc00a2c39e90264f33305004495a9","hash":"07eae3bf496d62609f56cf7ef52efbb75cb9bbad"}
,"C:\\pos_pipeline_v2\\src\\components\\choose-ride.template.js": {"path":"C:\\pos_pipeline_v2\\src\\components\\choose-ride.template.js","statementMap":{"0":{"start":{"line":1,"column":34},"end":{"line":1,"column":68}},"1":{"start":{"line":2,"column":0},"end":{"line":11,"column":2}},"2":{"start":{"line":13,"column":28},"end":{"line":13,"column":62}},"3":{"start":{"line":14,"column":0},"end":{"line":25,"column":2}}},"fnMap":{},"branchMap":{},"s":{"0":1,"1":1,"2":1,"3":1},"f":{},"b":{},"_coverageSchema":"1a1c01bbd47fc00a2c39e90264f33305004495a9","hash":"848790fbfad283dae92a0fcc37e6b332a28e677d"}
,"C:\\pos_pipeline_v2\\src\\components\\ride.component.js": {"path":"C:\\pos_pipeline_v2\\src\\components\\ride.component.js","statementMap":{"0":{"start":{"line":15,"column":15},"end":{"line":15,"column":16}},"1":{"start":{"line":18,"column":4},"end":{"line":18,"column":27}},"2":{"start":{"line":21,"column":4},"end":{"line":21,"column":28}},"3":{"start":{"line":22,"column":4},"end":{"line":22,"column":19}},"4":{"start":{"line":26,"column":21},"end":{"line":30,"column":3}},"5":{"start":{"line":27,"column":4},"end":{"line":29,"column":6}},"6":{"start":{"line":35,"column":19},"end":{"line":35,"column":21}},"7":{"start":{"line":37,"column":25},"end":{"line":37,"column":79}},"8":{"start":{"line":38,"column":4},"end":{"line":43,"column":5}},"9":{"start":{"line":38,"column":17},"end":{"line":38,"column":18}},"10":{"start":{"line":39,"column":6},"end":{"line":42,"column":9}},"11":{"start":{"line":44,"column":4},"end":{"line":44,"column":18}},"12":{"start":{"line":47,"column":11},"end":{"line":49,"column":3}},"13":{"start":{"line":48,"column":4},"end":{"line":48,"column":24}},"14":{"start":{"line":52,"column":11},"end":{"line":67,"column":3}},"15":{"start":{"line":53,"column":4},"end":{"line":53,"column":27}},"16":{"start":{"line":54,"column":19},"end":{"line":54,"column":35}},"17":{"start":{"line":55,"column":4},"end":{"line":64,"column":5}},"18":{"start":{"line":56,"column":29},"end":{"line":58,"column":7}},"19":{"start":{"line":57,"column":24},"end":{"line":57,"column":52}},"20":{"start":{"line":59,"column":6},"end":{"line":63,"column":7}},"21":{"start":{"line":60,"column":8},"end":{"line":60,"column":49}},"22":{"start":{"line":61,"column":8},"end":{"line":61,"column":141}},"23":{"start":{"line":61,"column":78},"end":{"line":61,"column":122}},"24":{"start":{"line":62,"column":8},"end":{"line":62,"column":15}},"25":{"start":{"line":65,"column":4},"end":{"line":65,"column":60}},"26":{"start":{"line":66,"column":4},"end":{"line":66,"column":33}},"27":{"start":{"line":70,"column":4},"end":{"line":70,"column":54}},"28":{"start":{"line":71,"column":19},"end":{"line":71,"column":47}},"29":{"start":{"line":72,"column":4},"end":{"line":78,"column":7}},"30":{"start":{"line":73,"column":6},"end":{"line":75,"column":7}},"31":{"start":{"line":74,"column":8},"end":{"line":74,"column":28}},"32":{"start":{"line":76,"column":6},"end":{"line":76,"column":23}},"33":{"start":{"line":77,"column":6},"end":{"line":77,"column":21}},"34":{"start":{"line":79,"column":4},"end":{"line":79,"column":77}},"35":{"start":{"line":80,"column":4},"end":{"line":80,"column":66}},"36":{"start":{"line":81,"column":4},"end":{"line":81,"column":60}},"37":{"start":{"line":82,"column":4},"end":{"line":82,"column":19}},"38":{"start":{"line":87,"column":4},"end":{"line":87,"column":40}},"39":{"start":{"line":91,"column":4},"end":{"line":91,"column":44}},"40":{"start":{"line":92,"column":4},"end":{"line":120,"column":5}},"41":{"start":{"line":93,"column":6},"end":{"line":93,"column":50}},"42":{"start":{"line":94,"column":50},"end":{"line":94,"column":70}},"43":{"start":{"line":95,"column":6},"end":{"line":95,"column":32}},"44":{"start":{"line":96,"column":6},"end":{"line":96,"column":31}},"45":{"start":{"line":98,"column":6},"end":{"line":119,"column":7}},"46":{"start":{"line":99,"column":18},"end":{"line":99,"column":58}},"47":{"start":{"line":100,"column":8},"end":{"line":101,"column":41}},"48":{"start":{"line":102,"column":8},"end":{"line":118,"column":10}},"49":{"start":{"line":105,"column":28},"end":{"line":105,"column":57}},"50":{"start":{"line":106,"column":24},"end":{"line":106,"column":45}},"51":{"start":{"line":108,"column":14},"end":{"line":108,"column":36}},"52":{"start":{"line":110,"column":12},"end":{"line":110,"column":63}},"53":{"start":{"line":111,"column":12},"end":{"line":111,"column":51}},"54":{"start":{"line":113,"column":14},"end":{"line":113,"column":35}},"55":{"start":{"line":115,"column":12},"end":{"line":115,"column":46}},"56":{"start":{"line":116,"column":12},"end":{"line":116,"column":27}},"57":{"start":{"line":123,"column":0},"end":{"line":123,"column":50}}},"fnMap":{"0":{"name":"(anonymous_0)","decl":{"start":{"line":17,"column":2},"end":{"line":17,"column":3}},"loc":{"start":{"line":17,"column":18},"end":{"line":19,"column":3}},"line":17},"1":{"name":"(anonymous_1)","decl":{"start":{"line":20,"column":2},"end":{"line":20,"column":3}},"loc":{"start":{"line":20,"column":23},"end":{"line":23,"column":3}},"line":20},"2":{"name":"(anonymous_2)","decl":{"start":{"line":26,"column":21},"end":{"line":26,"column":22}},"loc":{"start":{"line":26,"column":32},"end":{"line":30,"column":3}},"line":26},"3":{"name":"(anonymous_3)","decl":{"start":{"line":33,"column":2},"end":{"line":33,"column":3}},"loc":{"start":{"line":33,"column":14},"end":{"line":45,"column":3}},"line":33},"4":{"name":"(anonymous_4)","decl":{"start":{"line":47,"column":11},"end":{"line":47,"column":12}},"loc":{"start":{"line":47,"column":17},"end":{"line":49,"column":3}},"line":47},"5":{"name":"(anonymous_5)","decl":{"start":{"line":52,"column":11},"end":{"line":52,"column":12}},"loc":{"start":{"line":52,"column":22},"end":{"line":67,"column":3}},"line":52},"6":{"name":"(anonymous_6)","decl":{"start":{"line":57,"column":8},"end":{"line":57,"column":9}},"loc":{"start":{"line":57,"column":24},"end":{"line":57,"column":52}},"line":57},"7":{"name":"(anonymous_7)","decl":{"start":{"line":61,"column":63},"end":{"line":61,"column":64}},"loc":{"start":{"line":61,"column":78},"end":{"line":61,"column":122}},"line":61},"8":{"name":"(anonymous_8)","decl":{"start":{"line":69,"column":2},"end":{"line":69,"column":3}},"loc":{"start":{"line":69,"column":22},"end":{"line":83,"column":3}},"line":69},"9":{"name":"(anonymous_9)","decl":{"start":{"line":72,"column":37},"end":{"line":72,"column":38}},"loc":{"start":{"line":72,"column":47},"end":{"line":78,"column":5}},"line":72},"10":{"name":"(anonymous_10)","decl":{"start":{"line":86,"column":2},"end":{"line":86,"column":3}},"loc":{"start":{"line":86,"column":25},"end":{"line":88,"column":3}},"line":86},"11":{"name":"(anonymous_11)","decl":{"start":{"line":104,"column":52},"end":{"line":104,"column":53}},"loc":{"start":{"line":104,"column":66},"end":{"line":117,"column":11}},"line":104}},"branchMap":{"0":{"loc":{"start":{"line":41,"column":16},"end":{"line":41,"column":51}},"type":"binary-expr","locations":[{"start":{"line":41,"column":16},"end":{"line":41,"column":46}},{"start":{"line":41,"column":50},"end":{"line":41,"column":51}}],"line":41},"1":{"loc":{"start":{"line":55,"column":4},"end":{"line":64,"column":5}},"type":"if","locations":[{"start":{"line":55,"column":4},"end":{"line":64,"column":5}},{"start":{},"end":{}}],"line":55},"2":{"loc":{"start":{"line":59,"column":6},"end":{"line":63,"column":7}},"type":"if","locations":[{"start":{"line":59,"column":6},"end":{"line":63,"column":7}},{"start":{},"end":{}}],"line":59},"3":{"loc":{"start":{"line":73,"column":6},"end":{"line":75,"column":7}},"type":"if","locations":[{"start":{"line":73,"column":6},"end":{"line":75,"column":7}},{"start":{},"end":{}}],"line":73},"4":{"loc":{"start":{"line":92,"column":4},"end":{"line":120,"column":5}},"type":"if","locations":[{"start":{"line":92,"column":4},"end":{"line":120,"column":5}},{"start":{},"end":{}}],"line":92},"5":{"loc":{"start":{"line":98,"column":6},"end":{"line":119,"column":7}},"type":"if","locations":[{"start":{"line":98,"column":6},"end":{"line":119,"column":7}},{"start":{},"end":{}}],"line":98}},"s":{"0":6,"1":12,"2":3,"3":3,"4":6,"5":3,"6":3,"7":3,"8":3,"9":3,"10":3,"11":3,"12":6,"13":1,"14":6,"15":3,"16":3,"17":3,"18":2,"19":2,"20":2,"21":1,"22":1,"23":1,"24":1,"25":2,"26":2,"27":6,"28":6,"29":6,"30":6,"31":1,"32":6,"33":6,"34":6,"35":6,"36":6,"37":6,"38":2,"39":15,"40":15,"41":8,"42":8,"43":8,"44":8,"45":8,"46":6,"47":6,"48":6,"49":8,"50":8,"51":8,"52":8,"53":8,"54":8,"55":8,"56":8,"57":1},"f":{"0":12,"1":3,"2":3,"3":3,"4":1,"5":3,"6":2,"7":1,"8":6,"9":6,"10":2,"11":8},"b":{"0":[3,1],"1":[2,1],"2":[1,1],"3":[1,5],"4":[8,7],"5":[6,2]},"_coverageSchema":"1a1c01bbd47fc00a2c39e90264f33305004495a9","hash":"c629681a026c3ab37ed0a8833ff5661bd60a5022"}
,"C:\\pos_pipeline_v2\\src\\components\\ride.template.js": {"path":"C:\\pos_pipeline_v2\\src\\components\\ride.template.js","statementMap":{"0":{"start":{"line":1,"column":32},"end":{"line":1,"column":66}},"1":{"start":{"line":2,"column":0},"end":{"line":44,"column":10}},"2":{"start":{"line":46,"column":30},"end":{"line":46,"column":64}},"3":{"start":{"line":47,"column":0},"end":{"line":56,"column":10}},"4":{"start":{"line":58,"column":41},"end":{"line":58,"column":75}},"5":{"start":{"line":59,"column":0},"end":{"line":59,"column":112}}},"fnMap":{},"branchMap":{},"s":{"0":1,"1":1,"2":1,"3":1,"4":1,"5":1},"f":{},"b":{},"_coverageSchema":"1a1c01bbd47fc00a2c39e90264f33305004495a9","hash":"bf313bf97eb64d8b008971996bca51ee813a45b8"}
,"C:\\pos_pipeline_v2\\src\\components\\robo-coasters.component.js": {"path":"C:\\pos_pipeline_v2\\src\\components\\robo-coasters.component.js","statementMap":{"0":{"start":{"line":4,"column":17},"end":{"line":4,"column":51}},"1":{"start":{"line":5,"column":0},"end":{"line":17,"column":2}},"2":{"start":{"line":23,"column":4},"end":{"line":23,"column":46}},"3":{"start":{"line":24,"column":4},"end":{"line":24,"column":32}},"4":{"start":{"line":25,"column":4},"end":{"line":28,"column":7}},"5":{"start":{"line":26,"column":6},"end":{"line":26,"column":25}},"6":{"start":{"line":27,"column":6},"end":{"line":27,"column":20}},"7":{"start":{"line":32,"column":4},"end":{"line":32,"column":30}},"8":{"start":{"line":36,"column":4},"end":{"line":48,"column":5}},"9":{"start":{"line":38,"column":8},"end":{"line":38,"column":83}},"10":{"start":{"line":39,"column":8},"end":{"line":39,"column":14}},"11":{"start":{"line":41,"column":8},"end":{"line":41,"column":62}},"12":{"start":{"line":42,"column":8},"end":{"line":42,"column":14}},"13":{"start":{"line":44,"column":8},"end":{"line":44,"column":70}},"14":{"start":{"line":46,"column":8},"end":{"line":46,"column":28}},"15":{"start":{"line":47,"column":8},"end":{"line":47,"column":14}},"16":{"start":{"line":52,"column":0},"end":{"line":52,"column":62}}},"fnMap":{"0":{"name":"(anonymous_0)","decl":{"start":{"line":22,"column":2},"end":{"line":22,"column":3}},"loc":{"start":{"line":22,"column":22},"end":{"line":29,"column":3}},"line":22},"1":{"name":"(anonymous_1)","decl":{"start":{"line":25,"column":44},"end":{"line":25,"column":45}},"loc":{"start":{"line":25,"column":55},"end":{"line":28,"column":5}},"line":25},"2":{"name":"(anonymous_2)","decl":{"start":{"line":31,"column":2},"end":{"line":31,"column":3}},"loc":{"start":{"line":31,"column":25},"end":{"line":33,"column":3}},"line":31},"3":{"name":"(anonymous_3)","decl":{"start":{"line":35,"column":2},"end":{"line":35,"column":3}},"loc":{"start":{"line":35,"column":11},"end":{"line":49,"column":3}},"line":35}},"branchMap":{"0":{"loc":{"start":{"line":36,"column":4},"end":{"line":48,"column":5}},"type":"switch","locations":[{"start":{"line":37,"column":6},"end":{"line":39,"column":14}},{"start":{"line":40,"column":6},"end":{"line":42,"column":14}},{"start":{"line":43,"column":6},"end":{"line":44,"column":70}},{"start":{"line":45,"column":6},"end":{"line":47,"column":14}}],"line":36}},"s":{"0":1,"1":1,"2":4,"3":4,"4":4,"5":4,"6":4,"7":4,"8":4,"9":1,"10":1,"11":1,"12":1,"13":1,"14":2,"15":2,"16":1},"f":{"0":4,"1":4,"2":4,"3":4},"b":{"0":[1,1,1,2]},"_coverageSchema":"1a1c01bbd47fc00a2c39e90264f33305004495a9","hash":"9825f9588cea9e8c55a99c921543366599172504"}
,"C:\\pos_pipeline_v2\\src\\components\\robo.component.js": {"path":"C:\\pos_pipeline_v2\\src\\components\\robo.component.js","statementMap":{"0":{"start":{"line":2,"column":7},"end":{"line":2,"column":25}},"1":{"start":{"line":15,"column":4},"end":{"line":15,"column":28}},"2":{"start":{"line":16,"column":4},"end":{"line":22,"column":6}},"3":{"start":{"line":20,"column":10},"end":{"line":20,"column":75}},"4":{"start":{"line":23,"column":4},"end":{"line":29,"column":6}},"5":{"start":{"line":27,"column":10},"end":{"line":27,"column":75}},"6":{"start":{"line":35,"column":2},"end":{"line":35,"column":66}},"7":{"start":{"line":43,"column":2},"end":{"line":43,"column":71}}},"fnMap":{"0":{"name":"(anonymous_0)","decl":{"start":{"line":14,"column":2},"end":{"line":14,"column":3}},"loc":{"start":{"line":14,"column":23},"end":{"line":30,"column":3}},"line":14},"1":{"name":"(anonymous_1)","decl":{"start":{"line":19,"column":13},"end":{"line":19,"column":14}},"loc":{"start":{"line":20,"column":10},"end":{"line":20,"column":75}},"line":20},"2":{"name":"(anonymous_2)","decl":{"start":{"line":26,"column":13},"end":{"line":26,"column":14}},"loc":{"start":{"line":27,"column":10},"end":{"line":27,"column":75}},"line":27},"3":{"name":"toKebabCase","decl":{"start":{"line":34,"column":9},"end":{"line":34,"column":20}},"loc":{"start":{"line":34,"column":26},"end":{"line":36,"column":1}},"line":34},"4":{"name":"cloneTemplate","decl":{"start":{"line":42,"column":16},"end":{"line":42,"column":29}},"loc":{"start":{"line":42,"column":40},"end":{"line":44,"column":1}},"line":42}},"branchMap":{},"s":{"0":12,"1":27,"2":27,"3":27,"4":27,"5":71,"6":98,"7":27},"f":{"0":27,"1":27,"2":71,"3":98,"4":27},"b":{},"_coverageSchema":"1a1c01bbd47fc00a2c39e90264f33305004495a9","hash":"b1660cc5ae4a0a2e0f1003bad5c148143b6a5fad"}
,"C:\\pos_pipeline_v2\\src\\components\\success.component.js": {"path":"C:\\pos_pipeline_v2\\src\\components\\success.component.js","statementMap":{"0":{"start":{"line":5,"column":17},"end":{"line":5,"column":51}},"1":{"start":{"line":6,"column":0},"end":{"line":17,"column":10}},"2":{"start":{"line":21,"column":4},"end":{"line":21,"column":46}},"3":{"start":{"line":22,"column":36},"end":{"line":23,"column":43}},"4":{"start":{"line":24,"column":4},"end":{"line":24,"column":80}},"5":{"start":{"line":28,"column":0},"end":{"line":28,"column":56}}},"fnMap":{"0":{"name":"(anonymous_0)","decl":{"start":{"line":20,"column":2},"end":{"line":20,"column":3}},"loc":{"start":{"line":20,"column":22},"end":{"line":25,"column":3}},"line":20}},"branchMap":{},"s":{"0":1,"1":1,"2":1,"3":1,"4":1,"5":1},"f":{"0":1},"b":{},"_coverageSchema":"1a1c01bbd47fc00a2c39e90264f33305004495a9","hash":"8ee4f39acf5f4486001115c1b4e79ab6d8615449"}
,"C:\\pos_pipeline_v2\\src\\pipes\\rides-summary.pipe.js": {"path":"C:\\pos_pipeline_v2\\src\\pipes\\rides-summary.pipe.js","statementMap":{"0":{"start":{"line":6,"column":25},"end":{"line":6,"column":27}},"1":{"start":{"line":7,"column":15},"end":{"line":7,"column":23}},"2":{"start":{"line":8,"column":2},"end":{"line":10,"column":3}},"3":{"start":{"line":9,"column":4},"end":{"line":9,"column":126}},"4":{"start":{"line":9,"column":69},"end":{"line":9,"column":110}},"5":{"start":{"line":11,"column":2},"end":{"line":13,"column":3}},"6":{"start":{"line":12,"column":4},"end":{"line":12,"column":22}},"7":{"start":{"line":14,"column":2},"end":{"line":14,"column":102}}},"fnMap":{"0":{"name":"ridesSummary","decl":{"start":{"line":5,"column":16},"end":{"line":5,"column":28}},"loc":{"start":{"line":5,"column":36},"end":{"line":15,"column":1}},"line":5},"1":{"name":"(anonymous_1)","decl":{"start":{"line":9,"column":51},"end":{"line":9,"column":52}},"loc":{"start":{"line":9,"column":69},"end":{"line":9,"column":110}},"line":9}},"branchMap":{"0":{"loc":{"start":{"line":8,"column":2},"end":{"line":10,"column":3}},"type":"if","locations":[{"start":{"line":8,"column":2},"end":{"line":10,"column":3}},{"start":{},"end":{}}],"line":8},"1":{"loc":{"start":{"line":9,"column":69},"end":{"line":9,"column":110}},"type":"cond-expr","locations":[{"start":{"line":9,"column":98},"end":{"line":9,"column":101}},{"start":{"line":9,"column":104},"end":{"line":9,"column":110}}],"line":9},"2":{"loc":{"start":{"line":11,"column":2},"end":{"line":13,"column":3}},"type":"if","locations":[{"start":{"line":11,"column":2},"end":{"line":13,"column":3}},{"start":{},"end":{}}],"line":11}},"s":{"0":3,"1":3,"2":3,"3":1,"4":2,"5":3,"6":2,"7":3},"f":{"0":3,"1":2},"b":{"0":[1,2],"1":[1,1],"2":[2,1]},"_coverageSchema":"1a1c01bbd47fc00a2c39e90264f33305004495a9","hash":"59148a7e3441e99ba0bb71d35418ebcc8c434c7c"}
,"C:\\pos_pipeline_v2\\src\\services\\order.service.js": {"path":"C:\\pos_pipeline_v2\\src\\services\\order.service.js","statementMap":{"0":{"start":{"line":9,"column":4},"end":{"line":9,"column":37}},"1":{"start":{"line":16,"column":4},"end":{"line":20,"column":5}},"2":{"start":{"line":17,"column":6},"end":{"line":19,"column":8}},"3":{"start":{"line":21,"column":4},"end":{"line":21,"column":30}},"4":{"start":{"line":27,"column":4},"end":{"line":27,"column":31}},"5":{"start":{"line":28,"column":4},"end":{"line":28,"column":69}},"6":{"start":{"line":32,"column":4},"end":{"line":32,"column":34}},"7":{"start":{"line":36,"column":28},"end":{"line":36,"column":58}}},"fnMap":{"0":{"name":"(anonymous_0)","decl":{"start":{"line":8,"column":2},"end":{"line":8,"column":3}},"loc":{"start":{"line":8,"column":28},"end":{"line":10,"column":3}},"line":8},"1":{"name":"(anonymous_1)","decl":{"start":{"line":15,"column":2},"end":{"line":15,"column":3}},"loc":{"start":{"line":15,"column":21},"end":{"line":22,"column":3}},"line":15},"2":{"name":"(anonymous_2)","decl":{"start":{"line":26,"column":2},"end":{"line":26,"column":3}},"loc":{"start":{"line":26,"column":26},"end":{"line":29,"column":3}},"line":26},"3":{"name":"(anonymous_3)","decl":{"start":{"line":31,"column":2},"end":{"line":31,"column":3}},"loc":{"start":{"line":31,"column":10},"end":{"line":33,"column":3}},"line":31}},"branchMap":{"0":{"loc":{"start":{"line":16,"column":4},"end":{"line":20,"column":5}},"type":"if","locations":[{"start":{"line":16,"column":4},"end":{"line":20,"column":5}},{"start":{},"end":{}}],"line":16},"1":{"loc":{"start":{"line":16,"column":8},"end":{"line":16,"column":72}},"type":"binary-expr","locations":[{"start":{"line":16,"column":8},"end":{"line":16,"column":27}},{"start":{"line":16,"column":31},"end":{"line":16,"column":72}}],"line":16}},"s":{"0":5,"1":2,"2":1,"3":2,"4":4,"5":4,"6":2,"7":3},"f":{"0":5,"1":2,"2":4,"3":2},"b":{"0":[1,1],"1":[2,2]},"_coverageSchema":"1a1c01bbd47fc00a2c39e90264f33305004495a9","hash":"b2cc08f1c7909e5eb77ea33451119915c2133c38"}
,"C:\\pos_pipeline_v2\\src\\services\\ride.service.js": {"path":"C:\\pos_pipeline_v2\\src\\services\\ride.service.js","statementMap":{"0":{"start":{"line":7,"column":21},"end":{"line":7,"column":50}},"1":{"start":{"line":8,"column":4},"end":{"line":8,"column":27}},"2":{"start":{"line":17,"column":18},"end":{"line":17,"column":39}},"3":{"start":{"line":18,"column":4},"end":{"line":18,"column":52}},"4":{"start":{"line":18,"column":32},"end":{"line":18,"column":50}},"5":{"start":{"line":22,"column":27},"end":{"line":22,"column":44}}},"fnMap":{"0":{"name":"(anonymous_0)","decl":{"start":{"line":6,"column":2},"end":{"line":6,"column":3}},"loc":{"start":{"line":6,"column":19},"end":{"line":9,"column":3}},"line":6},"1":{"name":"(anonymous_1)","decl":{"start":{"line":16,"column":2},"end":{"line":16,"column":3}},"loc":{"start":{"line":16,"column":24},"end":{"line":19,"column":3}},"line":16},"2":{"name":"(anonymous_2)","decl":{"start":{"line":18,"column":22},"end":{"line":18,"column":23}},"loc":{"start":{"line":18,"column":32},"end":{"line":18,"column":50}},"line":18}},"branchMap":{},"s":{"0":2,"1":2,"2":1,"3":1,"4":1,"5":3},"f":{"0":2,"1":1,"2":1},"b":{},"_coverageSchema":"1a1c01bbd47fc00a2c39e90264f33305004495a9","hash":"54bc4e521ff33ec6c109535a35ba4027a60b2954"}
,"C:\\pos_pipeline_v2\\test\\helpers.js": {"path":"C:\\pos_pipeline_v2\\test\\helpers.js","statementMap":{"0":{"start":{"line":6,"column":2},"end":{"line":12,"column":4}},"1":{"start":{"line":20,"column":2},"end":{"line":24,"column":4}},"2":{"start":{"line":32,"column":2},"end":{"line":36,"column":4}}},"fnMap":{"0":{"name":"createRide","decl":{"start":{"line":5,"column":16},"end":{"line":5,"column":26}},"loc":{"start":{"line":5,"column":38},"end":{"line":13,"column":1}},"line":5},"1":{"name":"createRideOrder","decl":{"start":{"line":19,"column":16},"end":{"line":19,"column":31}},"loc":{"start":{"line":19,"column":43},"end":{"line":25,"column":1}},"line":19},"2":{"name":"createPerson","decl":{"start":{"line":31,"column":16},"end":{"line":31,"column":28}},"loc":{"start":{"line":31,"column":40},"end":{"line":37,"column":1}},"line":31}},"branchMap":{},"s":{"0":15,"1":4,"2":8},"f":{"0":15,"1":4,"2":8},"b":{},"_coverageSchema":"1a1c01bbd47fc00a2c39e90264f33305004495a9","hash":"d01ed2ad9e55da1d98569d8aa92373c7bb99948b"}
}
