TN:
SF:src\router.js
FN:7,(anonymous_0)
FN:9,(anonymous_1)
FN:10,(anonymous_2)
FN:15,(anonymous_3)
FN:19,(anonymous_4)
FN:22,(anonymous_5)
FNF:6
FNH:6
FNDA:7,(anonymous_0)
FNDA:1,(anonymous_1)
FNDA:1,(anonymous_2)
FNDA:3,(anonymous_3)
FNDA:3,(anonymous_4)
FNDA:1,(anonymous_5)
DA:4,7
DA:8,7
DA:9,7
DA:10,1
DA:16,3
DA:20,3
DA:21,3
DA:22,3
DA:23,1
DA:28,4
DA:31,3
DA:35,4
LF:12
LH:12
BRDA:7,0,0,4
BRF:1
BRH:1
end_of_record
TN:
SF:src\components\choose-ride.component.js
FN:9,(anonymous_0)
FN:11,(anonymous_1)
FN:20,(anonymous_2)
FN:35,(anonymous_3)
FNF:4
FNH:4
FNDA:1,(anonymous_0)
FNDA:1,(anonymous_1)
FNDA:1,(anonymous_2)
FNDA:1,(anonymous_3)
DA:8,1
DA:10,1
DA:11,1
DA:12,1
DA:13,1
DA:15,1
DA:19,2
DA:20,1
DA:26,1
DA:27,1
DA:28,1
DA:29,1
DA:30,1
DA:31,1
DA:32,1
DA:33,1
DA:34,1
DA:35,1
DA:36,1
DA:37,1
DA:39,1
DA:42,1
LF:22
LH:22
BRF:0
BRH:0
end_of_record
TN:
SF:src\components\choose-ride.template.js
FNF:0
FNH:0
DA:1,1
DA:2,1
DA:13,1
DA:14,1
LF:4
LH:4
BRF:0
BRH:0
end_of_record
TN:
SF:src\components\ride.component.js
FN:17,(anonymous_0)
FN:20,(anonymous_1)
FN:26,(anonymous_2)
FN:33,(anonymous_3)
FN:47,(anonymous_4)
FN:52,(anonymous_5)
FN:57,(anonymous_6)
FN:61,(anonymous_7)
FN:69,(anonymous_8)
FN:72,(anonymous_9)
FN:86,(anonymous_10)
FN:104,(anonymous_11)
FNF:12
FNH:12
FNDA:12,(anonymous_0)
FNDA:3,(anonymous_1)
FNDA:3,(anonymous_2)
FNDA:3,(anonymous_3)
FNDA:1,(anonymous_4)
FNDA:3,(anonymous_5)
FNDA:2,(anonymous_6)
FNDA:1,(anonymous_7)
FNDA:6,(anonymous_8)
FNDA:6,(anonymous_9)
FNDA:2,(anonymous_10)
FNDA:8,(anonymous_11)
DA:15,6
DA:18,12
DA:21,3
DA:22,3
DA:26,6
DA:27,3
DA:35,3
DA:37,3
DA:38,3
DA:39,3
DA:44,3
DA:47,6
DA:48,1
DA:52,6
DA:53,3
DA:54,3
DA:55,3
DA:56,2
DA:57,2
DA:59,2
DA:60,1
DA:61,1
DA:62,1
DA:65,2
DA:66,2
DA:70,6
DA:71,6
DA:72,6
DA:73,6
DA:74,1
DA:76,6
DA:77,6
DA:79,6
DA:80,6
DA:81,6
DA:82,6
DA:87,2
DA:91,15
DA:92,15
DA:93,8
DA:94,8
DA:95,8
DA:96,8
DA:98,8
DA:99,6
DA:100,6
DA:102,6
DA:105,8
DA:106,8
DA:108,8
DA:110,8
DA:111,8
DA:113,8
DA:115,8
DA:116,8
DA:123,1
LF:56
LH:56
BRDA:41,0,0,3
BRDA:41,0,1,1
BRDA:55,1,0,2
BRDA:55,1,1,1
BRDA:59,2,0,1
BRDA:59,2,1,1
BRDA:73,3,0,1
BRDA:73,3,1,5
BRDA:92,4,0,8
BRDA:92,4,1,7
BRDA:98,5,0,6
BRDA:98,5,1,2
BRF:12
BRH:12
end_of_record
TN:
SF:src\components\ride.template.js
FNF:0
FNH:0
DA:1,1
DA:2,1
DA:46,1
DA:47,1
DA:58,1
DA:59,1
LF:6
LH:6
BRF:0
BRH:0
end_of_record
TN:
SF:src\components\robo-coasters.component.js
FN:22,(anonymous_0)
FN:25,(anonymous_1)
FN:31,(anonymous_2)
FN:35,(anonymous_3)
FNF:4
FNH:4
FNDA:4,(anonymous_0)
FNDA:4,(anonymous_1)
FNDA:4,(anonymous_2)
FNDA:4,(anonymous_3)
DA:4,1
DA:5,1
DA:23,4
DA:24,4
DA:25,4
DA:26,4
DA:27,4
DA:32,4
DA:36,4
DA:38,1
DA:39,1
DA:41,1
DA:42,1
DA:44,1
DA:46,2
DA:47,2
DA:52,1
LF:17
LH:17
BRDA:36,0,0,1
BRDA:36,0,1,1
BRDA:36,0,2,1
BRDA:36,0,3,2
BRF:4
BRH:4
end_of_record
TN:
SF:src\components\robo.component.js
FN:14,(anonymous_0)
FN:19,(anonymous_1)
FN:26,(anonymous_2)
FN:34,toKebabCase
FN:42,cloneTemplate
FNF:5
FNH:5
FNDA:27,(anonymous_0)
FNDA:27,(anonymous_1)
FNDA:71,(anonymous_2)
FNDA:98,toKebabCase
FNDA:27,cloneTemplate
DA:2,12
DA:15,27
DA:16,27
DA:20,27
DA:23,27
DA:27,71
DA:35,98
DA:43,27
LF:8
LH:8
BRF:0
BRH:0
end_of_record
TN:
SF:src\components\success.component.js
FN:20,(anonymous_0)
FNF:1
FNH:1
FNDA:1,(anonymous_0)
DA:5,1
DA:6,1
DA:21,1
DA:22,1
DA:24,1
DA:28,1
LF:6
LH:6
BRF:0
BRH:0
end_of_record
TN:
SF:src\pipes\rides-summary.pipe.js
FN:5,ridesSummary
FN:9,(anonymous_1)
FNF:2
FNH:2
FNDA:3,ridesSummary
FNDA:2,(anonymous_1)
DA:6,3
DA:7,3
DA:8,3
DA:9,2
DA:11,3
DA:12,2
DA:14,3
LF:7
LH:7
BRDA:8,0,0,1
BRDA:8,0,1,2
BRDA:9,1,0,1
BRDA:9,1,1,1
BRDA:11,2,0,2
BRDA:11,2,1,1
BRF:6
BRH:6
end_of_record
TN:
SF:src\services\order.service.js
FN:8,(anonymous_0)
FN:15,(anonymous_1)
FN:26,(anonymous_2)
FN:31,(anonymous_3)
FNF:4
FNH:4
FNDA:5,(anonymous_0)
FNDA:2,(anonymous_1)
FNDA:4,(anonymous_2)
FNDA:2,(anonymous_3)
DA:9,5
DA:16,2
DA:17,1
DA:21,2
DA:27,4
DA:28,4
DA:32,2
DA:36,3
LF:8
LH:8
BRDA:16,0,0,1
BRDA:16,0,1,1
BRDA:16,1,0,2
BRDA:16,1,1,2
BRF:4
BRH:4
end_of_record
TN:
SF:src\services\ride.service.js
FN:6,(anonymous_0)
FN:16,(anonymous_1)
FN:18,(anonymous_2)
FNF:3
FNH:3
FNDA:2,(anonymous_0)
FNDA:1,(anonymous_1)
FNDA:1,(anonymous_2)
DA:7,2
DA:8,2
DA:17,1
DA:18,1
DA:22,3
LF:5
LH:5
BRF:0
BRH:0
end_of_record
TN:
SF:test\helpers.js
FN:5,createRide
FN:19,createRideOrder
FN:31,createPerson
FNF:3
FNH:3
FNDA:15,createRide
FNDA:4,createRideOrder
FNDA:8,createPerson
DA:6,15
DA:20,4
DA:32,8
LF:3
LH:3
BRF:0
BRH:0
end_of_record
